[ 2017/8/22 15:18:18 ]	更新节点:visitCount100
[ 2017/8/22 15:23:38 ]	更新节点:visitCount100
[ 2017/8/22 15:23:57 ]	更新节点:visitCount100
[ 2017/8/22 15:24:30 ]	更新节点:visitCount100
[ 2017/8/22 15:26:53 ]	更新节点:visitCount100
[ 2017/8/22 15:27:45 ]	更新节点:
[ 2017/8/22 15:28:10 ]	更新节点:
[ 2017/8/22 15:28:51 ]	更新节点:
 name:Page InnerText:/2017/06/01/to-happy-children's-day/
 name:Page InnerText:/2017/06/01/to-happy-children's-1/
[ 2017/8/22 15:31:30 ]	更新节点:
 name:System.Xml.XmlAttribute InnerText:/2017/06/01/to-happy-children's-day/
 name:System.Xml.XmlAttribute InnerText:/2017/06/01/to-happy-children's-1/
[ 2017/8/22 15:32:23 ]	更新节点:
 name:100 InnerText:/2017/06/01/to-happy-children's-day/
 name:101 InnerText:/2017/06/01/to-happy-children's-1/
[ 2017/8/22 15:40:36 ]	更新节点:
 name:100 InnerText:/2017/06/01/to-happy-children's-day/
 name:101 InnerText:/2017/06/01/to-happy-children's-1/
[ 2017/8/22 15:42:41 ]	更新节点:
 name:100 InnerText:/2017/06/01/to-happy-children's-day/
 name:101 InnerText:/2017/06/01/to-happy-children's-1/
[ 2017/8/22 15:43:54 ]	更新节点:
 name:100 InnerText:/2017/06/01/to-happy-children's-day/
 name:101 InnerText:/2017/06/01/to-happy-children's-1/
[ 2017/8/22 15:43:54 ]	查找节点不存在:Site/Page[@URL='/2017/06/01/to-happy-children's-day/']
[ 2017/8/22 15:48:45 ]	更新节点:
 name:100 InnerText:/2017/06/01/to-happy-children's-day/
 name:101 InnerText:/2017/06/01/to-happy-children's-1/
[ 2017/8/22 15:48:45 ]	查找节点:/2017/06/01/to-happy-children's-day/100
[ 2017/8/22 15:57:34 ]	更新节点:
 name:100 InnerText:/2017/06/01/to-happy-children's-day/
 name:101 InnerText:/2017/06/01/to-happy-children's-1/
[ 2017/8/22 15:57:34 ]	查找节点:/2017/06/01/to-happy-children's-day/100
[ 2017/8/22 15:57:44 ]	更新节点:
 name:100 InnerText:/2017/06/01/to-happy-children's-day/
 name:101 InnerText:/2017/06/01/to-happy-children's-1/
[ 2017/8/22 15:57:44 ]	查找节点:/2017/06/01/to-happy-children's-day/100
[ 2017/8/22 15:57:46 ]	更新节点:
 name:100 InnerText:/2017/06/01/to-happy-children's-day/
 name:101 InnerText:/2017/06/01/to-happy-children's-1/
[ 2017/8/22 15:57:46 ]	查找节点:/2017/06/01/to-happy-children's-day/100
[ 2017/8/22 15:57:48 ]	更新节点:
 name:100 InnerText:/2017/06/01/to-happy-children's-day/
 name:101 InnerText:/2017/06/01/to-happy-children's-1/
[ 2017/8/22 15:57:48 ]	查找节点:/2017/06/01/to-happy-children's-day/100
[ 2017/8/22 15:57:50 ]	更新节点:
 name:100 InnerText:/2017/06/01/to-happy-children's-day/
 name:101 InnerText:/2017/06/01/to-happy-children's-1/
[ 2017/8/22 15:57:50 ]	查找节点:/2017/06/01/to-happy-children's-day/100
[ 2017/8/22 15:58:17 ]	更新节点:
 name:100 InnerText:/2017/06/01/to-happy-children's-day/
 name:101 InnerText:/2017/06/01/to-happy-children's-1/
[ 2017/8/22 15:58:17 ]	查找节点:/2017/06/01/to-happy-children's-day/100
[ 2017/8/22 15:59:24 ]	更新节点:
 name:100 InnerText:/2017/06/01/to-happy-children's-day/
 name:101 InnerText:/2017/06/01/to-happy-children's-1/
[ 2017/8/22 15:59:24 ]	查找节点:/2017/06/01/to-happy-children's-day/:100
[ 2017/8/22 16:05:24 ]	更新节点:
 name:101 InnerText:/2017/06/01/to-happy-children's-day/
 name:101 InnerText:/2017/06/01/to-happy-children's-1/
[ 2017/8/22 16:05:24 ]	查找节点:/2017/06/01/to-happy-children's-day/:101
[ 2017/8/22 16:05:31 ]	更新节点:
 name:102 InnerText:/2017/06/01/to-happy-children's-day/
 name:101 InnerText:/2017/06/01/to-happy-children's-1/
[ 2017/8/22 16:05:31 ]	查找节点:/2017/06/01/to-happy-children's-day/:102
[ 2017/8/22 16:05:40 ]	更新节点:
 name:103 InnerText:/2017/06/01/to-happy-children's-day/
 name:101 InnerText:/2017/06/01/to-happy-children's-1/
[ 2017/8/22 16:05:40 ]	查找节点:/2017/06/01/to-happy-children's-day/:103
[ 2017/8/22 16:07:00 ]	更新节点:
 name:104 InnerText:/2017/06/01/to-happy-children's-day/
 name:101 InnerText:/2017/06/01/to-happy-children's-1/
[ 2017/8/22 16:07:00 ]	查找节点不存在:Site/Page[@URL="zhangweixiang.com"]
[ 2017/8/22 16:07:37 ]	更新节点:
 name:1 InnerText:zhangweixiang.com
 name:101 InnerText:/2017/06/01/to-happy-children's-1/
[ 2017/8/22 16:07:37 ]	查找节点:zhangweixiang.com:1
[ 2017/8/22 16:11:33 ]	更新节点:
 name:2 InnerText:zhangweixiang.com
 name:101 InnerText:/2017/06/01/to-happy-children's-1/
[ 2017/8/22 16:11:33 ]	查找节点:zhangweixiang.com:2
[ 2017/8/22 16:11:42 ]	更新节点:
 name:3 InnerText:zhangweixiang.com
 name:101 InnerText:/2017/06/01/to-happy-children's-1/
[ 2017/8/22 16:11:42 ]	查找节点:zhangweixiang.com:3
[ 2017/8/22 16:11:50 ]	更新节点:
 name:4 InnerText:zhangweixiang.com
 name:101 InnerText:/2017/06/01/to-happy-children's-1/
[ 2017/8/22 16:11:50 ]	查找节点:zhangweixiang.com:4
[ 2017/8/22 16:12:31 ]	更新节点:
 name:5 InnerText:zhangweixiang.com
 name:101 InnerText:/2017/06/01/to-happy-children's-1/
[ 2017/8/22 16:12:31 ]	查找节点不存在:Site/Page[@URL="/2017/06/01/to-happy-children's-day/"]
[ 2017/8/22 16:12:48 ]	更新节点:
 name:5 InnerText:zhangweixiang.com
 name:101 InnerText:/2017/06/01/to-happy-children's-1/
 name:1 InnerText:/2017/06/01/to-happy-children's-day/
[ 2017/8/22 16:12:48 ]	查找节点:/2017/06/01/to-happy-children's-day/:5
[ 2017/8/22 16:14:58 ]	更新节点:
 name:6 InnerText:/2017/06/01/to-happy-children's-day/
 name:101 InnerText:/2017/06/01/to-happy-children's-1/
 name:1 InnerText:/2017/06/01/to-happy-children's-day/
[ 2017/8/22 16:14:58 ]	查找节点:/2017/06/01/to-happy-children's-day/:6
[ 2017/8/22 16:15:49 ]	更新节点:
 name:7 InnerText:/2017/06/01/to-happy-children's-day/
 name:101 InnerText:/2017/06/01/to-happy-children's-1/
[ 2017/8/22 16:15:49 ]	查找节点不存在:Site/Page[@URL="zhangweixiang.com"]
[ 2017/8/22 16:15:57 ]	更新节点:
 name:7 InnerText:/2017/06/01/to-happy-children's-day/
 name:101 InnerText:/2017/06/01/to-happy-children's-1/
 name:1 InnerText:zhangweixiang.com
[ 2017/8/22 16:15:57 ]	查找节点:zhangweixiang.com:1
[ 2017/8/22 16:17:30 ]	更新节点:
 name:7 InnerText:/2017/06/01/to-happy-children's-day/
 name:101 InnerText:/2017/06/01/to-happy-children's-1/
 name:2 InnerText:zhangweixiang.com
[ 2017/8/22 16:17:30 ]	查找节点不存在:Site/Page[@URL="zhangweixiang2.com"]
[ 2017/8/22 16:17:38 ]	更新节点:
 name:7 InnerText:/2017/06/01/to-happy-children's-day/
 name:101 InnerText:/2017/06/01/to-happy-children's-1/
 name:2 InnerText:zhangweixiang.com
 name:1 InnerText:zhangweixiang2.com
[ 2017/8/22 16:17:38 ]	查找节点:zhangweixiang2.com:1
[ 2017/8/22 16:17:49 ]	更新节点:
 name:7 InnerText:/2017/06/01/to-happy-children's-day/
 name:101 InnerText:/2017/06/01/to-happy-children's-1/
 name:2 InnerText:zhangweixiang.com
 name:2 InnerText:zhangweixiang2.com
[ 2017/8/22 16:17:49 ]	查找节点:zhangweixiang2.com:2
[ 2017/8/22 16:17:58 ]	更新节点:
 name:7 InnerText:/2017/06/01/to-happy-children's-day/
 name:101 InnerText:/2017/06/01/to-happy-children's-1/
 name:2 InnerText:zhangweixiang.com
 name:3 InnerText:zhangweixiang2.com
[ 2017/8/22 16:17:58 ]	查找节点:zhangweixiang2.com:3
[ 2017/8/22 16:18:43 ]	更新节点:
 name:7 InnerText:/2017/06/01/to-happy-children's-day/
 name:2 InnerText:zhangweixiang.com
 name:4 InnerText:zhangweixiang2.com
[ 2017/8/22 16:18:43 ]	查找节点不存在:Site/Page[@URL="zhangweixiang3.com"]
[ 2017/8/22 16:25:45 ]	更新节点:[{"Page":{"@visitCount":"7","@URL":"/2017/06/01/to-happy-children's-day/","#text":"/2017/06/01/to-happy-children's-day/"}},{"Page":{"@visitCount":"2","@URL":"zhangweixiang.com","#text":"zhangweixiang.com"}},{"Page":{"@URL":"zhangweixiang2.com","@visitCount":"4","#text":"zhangweixiang2.com"}},{"Page":{"@URL":"zhangweixiang3.com","@visitCount":"1","#text":"zhangweixiang3.com"}}]
[ 2017/8/22 16:25:45 ]	查找节点:zhangweixiang3.com:1
[ 2017/8/22 16:45:20 ]	更新节点:[{"Page":{"@visitCount":"7","@URL":"/2017/06/01/to-happy-children's-day/","#text":"/2017/06/01/to-happy-children's-day/"}},{"Page":{"@visitCount":"2","@URL":"zhangweixiang.com","#text":"zhangweixiang.com"}},{"Page":{"@URL":"zhangweixiang2.com","@visitCount":"4","#text":"zhangweixiang2.com"}},{"Page":{"@URL":"zhangweixiang3.com","@visitCount":"2","#text":"zhangweixiang3.com"}}]
[ 2017/8/22 16:45:20 ]	查找节点:zhangweixiang3.com:2
[ 2017/8/22 16:50:28 ]	查找节点不存在:Site/Page[@URL=""]
[ 2017/8/22 16:51:35 ]	查找节点不存在:Site/Page[@URL=""]
[ 2017/8/22 16:54:12 ]	节点更新不成功:
[ 2017/8/22 16:54:15 ]	节点更新不成功:
[ 2017/8/22 16:55:17 ]	节点更新不成功,url:
[ 2017/8/22 16:55:45 ]	节点更新不成功,url:
[ 2017/8/22 16:55:57 ]	节点更新不成功,url:
[ 2017/8/22 16:56:04 ]	节点更新不成功,url:
[ 2017/8/22 16:56:06 ]	节点更新不成功,url:
[ 2017/8/22 16:56:58 ]	节点更新不成功,url:
[ 2017/8/22 17:00:00 ]	节点更新不成功,url:
[ 2017/8/22 17:21:45 ]	查找节点不存在:Site/Page[@URL="zhangweixiang5.com"]
[ 2017/8/22 17:57:24 ]	节点更新不成功,url:
[ 2017/8/22 17:59:01 ]	节点更新不成功,url:
[ 2017/8/22 17:59:26 ]	查找节点不存在:Site/Page[@URL="/404.html"]
[ 2017/8/22 18:00:37 ]	节点更新不成功,url:
[ 2017/8/22 18:31:45 ]	查找节点不存在:Site/Page[@URL="/mobile/"]
[ 2017-8-22 20:54:09 ]	节点更新不成功,url:
[ 2017-8-22 20:54:34 ]	查找节点不存在:Site/Page[@URL="/mobile/"]
[ 2017-8-22 20:54:40 ]	查找节点不存在:Site/Page[@URL="/mobile/"]
[ 2017-8-22 20:57:24 ]	查找节点不存在:Site/Page[@URL="/mobile/"]
[ 2017-8-22 20:57:52 ]	查找节点不存在:Site/Page[@URL="/mobile/"]
[ 2017-8-22 20:58:52 ]	查找节点不存在:Site/Page[@URL="/mobile/"]
[ 2017-8-22 20:59:16 ]	查找节点不存在:Site/Page[@URL="/mobile/"]
[ 2017-8-22 20:59:41 ]	查找节点不存在:Site/Page[@URL="/mobile/"]
[ 2017-8-22 21:00:07 ]	查找节点不存在:Site/Page[@URL="/mobile/"]
[ 2017-8-22 21:01:36 ]	查找节点不存在:Site/Page[@URL="/mobile/"]
[ 2017-8-22 21:01:45 ]	查找节点不存在:Site/Page[@URL="/mobile/"]
[ 2017-8-22 21:46:13 ]	查找节点不存在:Site/Page[@URL="http://zhangweixiang.com/"]
[ 2017-8-22 21:48:13 ]	查找节点不存在:Site/Page[@URL="/mobile/index.html"]
[ 2017-8-22 21:50:11 ]	查找节点不存在:Site/Page[@URL="/history-date.html"]
[ 2017-8-22 22:01:10 ]	查找节点不存在:Site/Page[@URL="/2016_mobile/index.html"]
[ 2017-8-22 22:02:04 ]	查找节点不存在:Site/Page[@URL="/windows/qrcode.html"]
[ 2017-8-22 22:04:56 ]	查找节点不存在:Site/Page[@URL="http://blog.zhangweixiang.com/"]
[ 2017-8-22 22:08:01 ]	查找节点不存在:Site/Page[@URL="/2016/03/19/for-Schrodinger's-cat/"]
[ 2017-8-22 22:08:05 ]	查找节点不存在:Site/Page[@URL="/2016/03/31/review-who-moved-my-cheese/"]
[ 2017-8-22 22:08:08 ]	查找节点不存在:Site/Page[@URL="/2016/04/24/le-voleur-d'ombres/"]
[ 2017-8-22 22:08:22 ]	查找节点不存在:Site/Page[@URL="/2016/05/09/to-my-niece-for-high-school-exam/"]
[ 2017-8-22 22:08:30 ]	查找节点不存在:Site/Page[@URL="/2016/01/25/website-name/"]
[ 2017-8-22 22:08:33 ]	查找节点不存在:Site/Page[@URL="/2015/08/24/to-my-son/"]
[ 2017-8-22 22:08:36 ]	查找节点不存在:Site/Page[@URL="/page2/"]
[ 2017-8-22 23:13:40 ]	查找节点不存在:Site/Page[@URL="/tip/"]
[ 2017-8-22 23:17:38 ]	查找节点不存在:Site/Page[@URL="http://blog.zhangweixiang.com/"]
[ 2017-8-22 23:17:46 ]	XML 操作失败:文件“f:\usr\LocalUser\qxw1192780145\file\visitInfo.xml”正由另一进程使用，因此该进程无法访问该文件。
