[ 2017-8-23 2:43:18 ]	查找节点不存在:Site/Page[@URL="http://www.zhangweixiang.com/"]
[ 2017-8-23 7:41:49 ]	查找节点不存在:Site/Page[@URL="http://localhost:57705/"]
[ 2017-8-23 8:01:07 ]	节点更新不成功,url:
[ 2017-8-23 8:04:44 ]	查找节点不存在:Site/Page[@URL="/mobile/"]
[ 2017-8-23 8:14:38 ]	查找节点不存在:Site/Page[@URL="/private/"]
[ 2017-8-23 9:30:40 ]	查找节点不存在:Site/Page[@URL="/404"]
[ 2017-8-23 9:33:12 ]	查找节点不存在:Site/Page[@URL="/2016/03/19/for-Schrodinger's-cat/"]
[ 2017-8-23 9:33:18 ]	查找节点不存在:Site/Page[@URL="/2016/03/31/review-who-moved-my-cheese/"]
[ 2017-8-23 9:34:12 ]	查找节点不存在:Site/Page[@URL="/2015/08/24/to-my-son/"]
[ 2017-8-23 9:34:34 ]	查找节点不存在:Site/Page[@URL="/2016/02/14/long-time-no-see-xixi/"]
[ 2017-8-23 18:49:31 ]	查找节点不存在:Site/Page[@URL="/all/"]
[ 2017-8-23 19:27:07 ]	查找节点不存在:Site/Page[@URL="/2017/01/26/to-celebrate-the-spring-festival/"]
[ 2017-8-23 19:27:31 ]	查找节点不存在:Site/Page[@URL="/2016/05/09/to-my-niece-for-high-school-exam/"]
[ 2017-8-23 19:33:53 ]	查找节点不存在:Site/Page[@URL="/2016/07/13/three-years-marriage-memory/"]
[ 2017-8-23 22:18:31 ]	查找节点不存在:Site/Page[@URL="/windows/paint.html"]
[ 2017-8-23 22:20:06 ]	查找节点不存在:Site/Page[@URL="/windows/paint.html"]
[ 2017-8-23 22:20:23 ]	查找节点不存在:Site/Page[@URL="http://zhangweixiang.com/"]
[ 2017-8-23 22:20:30 ]	查找节点不存在:Site/Page[@URL="/windows/qrcode.html"]
[ 2017-8-23 22:26:27 ]	查找节点不存在:Site/Page[@URL="/mobile/index.html"]
[ 2017-8-23 22:27:11 ]	查找节点不存在:Site/Page[@URL="http://zhangweixiang.com/"]
[ 2017-8-23 22:27:28 ]	查找节点不存在:Site/Page[@URL="/mobile/"]
[ 2017-8-23 22:28:32 ]	查找节点不存在:Site/Page[@URL="/mobile/"]
[ 2017-8-23 22:45:33 ]	查找节点不存在:Site/Page[@URL="/mobile/index.html"]
[ 2017-8-23 22:46:36 ]	查找节点不存在:Site/Page[@URL="/mobile/index.html"]
[ 2017-8-23 22:47:09 ]	查找节点不存在:Site/Page[@URL="http://zhangweixiang.com/"]
[ 2017-8-23 22:47:19 ]	查找节点不存在:Site/Page[@URL="/windows/paint.html"]
[ 2017-8-23 22:47:21 ]	查找节点不存在:Site/Page[@URL="/windows/qrcode.html"]
[ 2017-8-23 22:49:24 ]	查找节点不存在:Site/Page[@URL="http://blog.zhangweixiang.com/"]
[ 2017-8-23 22:49:34 ]	查找节点不存在:Site/Page[@URL="/2017/06/01/to-happy-children's-day/"]
[ 2017-8-23 22:49:43 ]	查找节点不存在:Site/Page[@URL="/2016/03/19/for-Schrodinger's-cat/"]
[ 2017-8-23 22:49:56 ]	查找节点不存在:Site/Page[@URL="/2016/01/25/website-name/"]
[ 2017-8-23 22:58:46 ]	查找节点不存在:Site/Page[@URL="http://blog.zhangweixiang.com/"]
[ 2017-8-23 22:59:00 ]	查找节点不存在:Site/Page[@URL="/tip/"]
[ 2017-8-23 23:03:39 ]	查找节点不存在:Site/Page[@URL="/2016/01/25/website-name/"]
[ 2017-8-23 23:03:47 ]	查找节点不存在:Site/Page[@URL="/all/"]
[ 2017-8-23 23:05:03 ]	查找节点不存在:Site/Page[@URL="/2016/01/25/website-name/"]
[ 2017-8-23 23:05:20 ]	查找节点不存在:Site/Page[@URL="http://blog.zhangweixiang.com/"]
[ 2017-8-23 23:05:27 ]	查找节点不存在:Site/Page[@URL="/2017/01/26/to-celebrate-the-spring-festival/"]
[ 2017-8-23 23:10:59 ]	查找节点不存在:Site/Page[@URL="http://zhangweixiang.com/"]
[ 2017-8-23 23:11:02 ]	查找节点不存在:Site/Page[@URL="/windows/paint.html"]
[ 2017-8-23 23:11:03 ]	查找节点不存在:Site/Page[@URL="/windows/qrcode.html"]
[ 2017-8-23 23:11:13 ]	查找节点不存在:Site/Page[@URL="/mobile/"]
[ 2017-8-23 23:12:07 ]	查找节点不存在:Site/Page[@URL="/2016/07/13/three-years-marriage-memory/"]
[ 2017-8-23 23:12:12 ]	查找节点不存在:Site/Page[@URL="/2016/02/14/long-time-no-see-xixi/"]
[ 2017-8-23 23:15:46 ]	查找节点不存在:Site/Page[@URL="/mobile/index.html"]
